{"annyang.js":{"path":"annyang.js","s":{"1":1,"2":1,"3":1,"4":1,"5":0,"6":0,"7":1,"8":1,"9":1,"10":1,"11":1,"12":1,"13":1,"14":1,"15":1,"16":1,"17":1,"18":1,"19":1,"20":1,"21":1,"22":6,"23":0,"24":6,"25":1,"26":19,"27":19,"28":56,"29":1,"30":20,"31":1,"32":20,"33":1,"34":1,"35":6,"36":6,"37":3,"38":1,"39":1,"40":0,"41":1,"42":1,"43":0,"44":1,"45":1,"46":1,"47":1,"48":1,"49":10,"50":10,"51":1,"52":0,"53":0,"54":0,"55":0,"56":0,"57":0,"58":0,"59":0,"60":0,"61":1,"62":9,"63":9,"64":9,"65":0,"66":0,"67":0,"68":0,"69":1,"70":0,"71":0,"72":0,"73":0,"74":0,"75":0,"76":0,"77":0,"78":0,"79":0,"80":0,"81":0,"82":0,"83":0,"84":0,"85":0,"86":0,"87":0,"88":0,"89":0,"90":0,"91":0,"92":0,"93":0,"94":0,"95":0,"96":0,"97":1,"98":0,"99":1,"100":0,"101":14,"102":14,"103":14,"104":14,"105":0,"106":14,"107":14,"108":0,"109":14,"110":14,"111":14,"112":4,"113":0,"114":11,"115":11,"116":11,"117":4,"118":3,"119":13,"120":12,"121":1,"122":0,"123":0,"124":6,"125":6,"126":6,"127":6,"128":6,"129":6,"130":6,"131":0,"132":0,"133":0,"134":0,"135":0,"136":0,"137":0,"138":0,"139":0,"140":0,"141":0,"142":0,"143":0,"144":0,"145":13,"146":2,"147":11,"148":11,"149":0,"150":11,"151":8},"b":{"1":[1,0,0,0,0],"2":[0,1],"3":[0,0],"4":[1,19],"5":[3,3],"6":[0,1],"7":[0,1],"8":[1,0],"9":[0,0,0],"10":[0,0],"11":[0,9],"12":[0,0],"13":[0,0],"14":[0,0],"15":[0,0],"16":[0,0],"17":[0,0],"18":[0,0],"19":[0,1],"20":[0,1],"21":[14,14],"22":[0,14],"23":[0,14],"24":[0,4],"25":[11,0],"26":[12,1],"27":[6,0],"28":[6,6],"29":[6,0],"30":[0,0],"31":[0,0],"32":[0,0],"33":[0,0],"34":[0,0],"35":[0,0],"36":[2,11],"37":[11,11],"38":[0,11],"39":[11,9],"40":[8,6]},"f":{"1":1,"2":6,"3":0,"4":19,"5":56,"6":20,"7":20,"8":6,"9":1,"10":10,"11":0,"12":9,"13":0,"14":14,"15":11,"16":4,"17":3,"18":13,"19":0,"20":6,"21":0,"22":0,"23":13,"24":8},"fnMap":{"1":{"name":"(anonymous_1)","line":7,"loc":{"start":{"line":7,"column":1},"end":{"line":7,"column":22}}},"2":{"name":"(anonymous_2)","line":53,"loc":{"start":{"line":53,"column":24},"end":{"line":53,"column":42}}},"3":{"name":"(anonymous_3)","line":56,"loc":{"start":{"line":56,"column":39},"end":{"line":56,"column":65}}},"4":{"name":"(anonymous_4)","line":65,"loc":{"start":{"line":65,"column":24},"end":{"line":65,"column":44}}},"5":{"name":"(anonymous_5)","line":67,"loc":{"start":{"line":67,"column":22},"end":{"line":67,"column":41}}},"6":{"name":"(anonymous_6)","line":72,"loc":{"start":{"line":72,"column":22},"end":{"line":72,"column":33}}},"7":{"name":"(anonymous_7)","line":76,"loc":{"start":{"line":76,"column":21},"end":{"line":76,"column":32}}},"8":{"name":"(anonymous_8)","line":82,"loc":{"start":{"line":82,"column":24},"end":{"line":82,"column":54}}},"9":{"name":"(anonymous_9)","line":112,"loc":{"start":{"line":112,"column":10},"end":{"line":112,"column":44}}},"10":{"name":"(anonymous_10)","line":139,"loc":{"start":{"line":139,"column":30},"end":{"line":139,"column":41}}},"11":{"name":"(anonymous_11)","line":144,"loc":{"start":{"line":144,"column":30},"end":{"line":144,"column":46}}},"12":{"name":"(anonymous_12)","line":164,"loc":{"start":{"line":164,"column":30},"end":{"line":164,"column":41}}},"13":{"name":"(anonymous_13)","line":179,"loc":{"start":{"line":179,"column":30},"end":{"line":179,"column":46}}},"14":{"name":"(anonymous_14)","line":253,"loc":{"start":{"line":253,"column":11},"end":{"line":253,"column":29}}},"15":{"name":"(anonymous_15)","line":284,"loc":{"start":{"line":284,"column":11},"end":{"line":284,"column":22}}},"16":{"name":"(anonymous_16)","line":299,"loc":{"start":{"line":299,"column":11},"end":{"line":299,"column":22}}},"17":{"name":"(anonymous_17)","line":309,"loc":{"start":{"line":309,"column":12},"end":{"line":309,"column":23}}},"18":{"name":"(anonymous_18)","line":319,"loc":{"start":{"line":319,"column":11},"end":{"line":319,"column":30}}},"19":{"name":"(anonymous_19)","line":334,"loc":{"start":{"line":334,"column":17},"end":{"line":334,"column":36}}},"20":{"name":"(anonymous_20)","line":356,"loc":{"start":{"line":356,"column":17},"end":{"line":356,"column":36}}},"21":{"name":"(anonymous_21)","line":402,"loc":{"start":{"line":402,"column":20},"end":{"line":402,"column":47}}},"22":{"name":"(anonymous_22)","line":408,"loc":{"start":{"line":408,"column":41},"end":{"line":408,"column":59}}},"23":{"name":"(anonymous_23)","line":457,"loc":{"start":{"line":457,"column":17},"end":{"line":457,"column":51}}},"24":{"name":"(anonymous_24)","line":475,"loc":{"start":{"line":475,"column":17},"end":{"line":475,"column":28}}}},"statementMap":{"1":{"start":{"line":7,"column":0},"end":{"line":480,"column":14}},"2":{"start":{"line":21,"column":2},"end":{"line":21,"column":18}},"3":{"start":{"line":24,"column":2},"end":{"line":28,"column":50}},"4":{"start":{"line":32,"column":2},"end":{"line":35,"column":3}},"5":{"start":{"line":33,"column":4},"end":{"line":33,"column":24}},"6":{"start":{"line":34,"column":4},"end":{"line":34,"column":21}},"7":{"start":{"line":37,"column":2},"end":{"line":37,"column":24}},"8":{"start":{"line":38,"column":2},"end":{"line":38,"column":18}},"9":{"start":{"line":39,"column":2},"end":{"line":39,"column":173}},"10":{"start":{"line":40,"column":2},"end":{"line":40,"column":18}},"11":{"start":{"line":41,"column":2},"end":{"line":41,"column":24}},"12":{"start":{"line":42,"column":2},"end":{"line":42,"column":25}},"13":{"start":{"line":43,"column":2},"end":{"line":43,"column":53}},"14":{"start":{"line":44,"column":2},"end":{"line":44,"column":29}},"15":{"start":{"line":45,"column":2},"end":{"line":45,"column":26}},"16":{"start":{"line":48,"column":2},"end":{"line":48,"column":41}},"17":{"start":{"line":49,"column":2},"end":{"line":49,"column":42}},"18":{"start":{"line":50,"column":2},"end":{"line":50,"column":37}},"19":{"start":{"line":51,"column":2},"end":{"line":51,"column":31}},"20":{"start":{"line":52,"column":2},"end":{"line":52,"column":47}},"21":{"start":{"line":53,"column":2},"end":{"line":62,"column":4}},"22":{"start":{"line":54,"column":4},"end":{"line":60,"column":57}},"23":{"start":{"line":57,"column":20},"end":{"line":57,"column":58}},"24":{"start":{"line":61,"column":4},"end":{"line":61,"column":48}},"25":{"start":{"line":65,"column":2},"end":{"line":70,"column":4}},"26":{"start":{"line":66,"column":4},"end":{"line":66,"column":56}},"27":{"start":{"line":67,"column":4},"end":{"line":69,"column":7}},"28":{"start":{"line":68,"column":6},"end":{"line":68,"column":54}},"29":{"start":{"line":72,"column":2},"end":{"line":74,"column":4}},"30":{"start":{"line":73,"column":4},"end":{"line":73,"column":37}},"31":{"start":{"line":76,"column":2},"end":{"line":80,"column":4}},"32":{"start":{"line":77,"column":4},"end":{"line":79,"column":5}},"33":{"start":{"line":78,"column":6},"end":{"line":78,"column":35}},"34":{"start":{"line":82,"column":2},"end":{"line":87,"column":4}},"35":{"start":{"line":83,"column":4},"end":{"line":83,"column":82}},"36":{"start":{"line":84,"column":4},"end":{"line":86,"column":5}},"37":{"start":{"line":85,"column":6},"end":{"line":85,"column":77}},"38":{"start":{"line":89,"column":2},"end":{"line":478,"column":4}},"39":{"start":{"line":115,"column":6},"end":{"line":119,"column":7}},"40":{"start":{"line":116,"column":8},"end":{"line":116,"column":29}},"41":{"start":{"line":118,"column":8},"end":{"line":118,"column":40}},"42":{"start":{"line":122,"column":6},"end":{"line":124,"column":7}},"43":{"start":{"line":123,"column":8},"end":{"line":123,"column":28}},"44":{"start":{"line":127,"column":6},"end":{"line":127,"column":44}},"45":{"start":{"line":130,"column":6},"end":{"line":130,"column":38}},"46":{"start":{"line":134,"column":6},"end":{"line":134,"column":66}},"47":{"start":{"line":137,"column":6},"end":{"line":137,"column":33}},"48":{"start":{"line":139,"column":6},"end":{"line":142,"column":8}},"49":{"start":{"line":140,"column":8},"end":{"line":140,"column":27}},"50":{"start":{"line":141,"column":8},"end":{"line":141,"column":41}},"51":{"start":{"line":144,"column":6},"end":{"line":162,"column":8}},"52":{"start":{"line":145,"column":8},"end":{"line":145,"column":41}},"53":{"start":{"line":146,"column":8},"end":{"line":161,"column":9}},"54":{"start":{"line":148,"column":10},"end":{"line":148,"column":50}},"55":{"start":{"line":149,"column":10},"end":{"line":149,"column":16}},"56":{"start":{"line":153,"column":10},"end":{"line":153,"column":30}},"57":{"start":{"line":155,"column":10},"end":{"line":159,"column":11}},"58":{"start":{"line":156,"column":12},"end":{"line":156,"column":62}},"59":{"start":{"line":158,"column":12},"end":{"line":158,"column":61}},"60":{"start":{"line":160,"column":10},"end":{"line":160,"column":16}},"61":{"start":{"line":164,"column":6},"end":{"line":177,"column":8}},"62":{"start":{"line":165,"column":8},"end":{"line":165,"column":28}},"63":{"start":{"line":166,"column":8},"end":{"line":166,"column":39}},"64":{"start":{"line":168,"column":8},"end":{"line":176,"column":9}},"65":{"start":{"line":170,"column":10},"end":{"line":170,"column":70}},"66":{"start":{"line":171,"column":10},"end":{"line":175,"column":11}},"67":{"start":{"line":172,"column":12},"end":{"line":172,"column":68}},"68":{"start":{"line":174,"column":12},"end":{"line":174,"column":33}},"69":{"start":{"line":179,"column":6},"end":{"line":224,"column":8}},"70":{"start":{"line":180,"column":8},"end":{"line":185,"column":9}},"71":{"start":{"line":181,"column":10},"end":{"line":183,"column":11}},"72":{"start":{"line":182,"column":12},"end":{"line":182,"column":68}},"73":{"start":{"line":184,"column":10},"end":{"line":184,"column":23}},"74":{"start":{"line":188,"column":8},"end":{"line":188,"column":71}},"75":{"start":{"line":189,"column":8},"end":{"line":189,"column":25}},"76":{"start":{"line":190,"column":8},"end":{"line":192,"column":9}},"77":{"start":{"line":191,"column":10},"end":{"line":191,"column":61}},"78":{"start":{"line":194,"column":8},"end":{"line":194,"column":51}},"79":{"start":{"line":195,"column":8},"end":{"line":195,"column":24}},"80":{"start":{"line":197,"column":8},"end":{"line":221,"column":9}},"81":{"start":{"line":199,"column":10},"end":{"line":199,"column":42}},"82":{"start":{"line":200,"column":10},"end":{"line":202,"column":11}},"83":{"start":{"line":201,"column":12},"end":{"line":201,"column":78}},"84":{"start":{"line":205,"column":10},"end":{"line":220,"column":11}},"85":{"start":{"line":206,"column":12},"end":{"line":206,"column":67}},"86":{"start":{"line":207,"column":12},"end":{"line":219,"column":13}},"87":{"start":{"line":208,"column":14},"end":{"line":208,"column":47}},"88":{"start":{"line":209,"column":14},"end":{"line":214,"column":15}},"89":{"start":{"line":210,"column":16},"end":{"line":210,"column":99}},"90":{"start":{"line":211,"column":16},"end":{"line":213,"column":17}},"91":{"start":{"line":212,"column":18},"end":{"line":212,"column":66}},"92":{"start":{"line":216,"column":14},"end":{"line":216,"column":63}},"93":{"start":{"line":217,"column":14},"end":{"line":217,"column":107}},"94":{"start":{"line":218,"column":14},"end":{"line":218,"column":26}},"95":{"start":{"line":222,"column":8},"end":{"line":222,"column":58}},"96":{"start":{"line":223,"column":8},"end":{"line":223,"column":21}},"97":{"start":{"line":227,"column":6},"end":{"line":229,"column":7}},"98":{"start":{"line":228,"column":8},"end":{"line":228,"column":26}},"99":{"start":{"line":230,"column":6},"end":{"line":232,"column":7}},"100":{"start":{"line":231,"column":8},"end":{"line":231,"column":35}},"101":{"start":{"line":254,"column":6},"end":{"line":254,"column":29}},"102":{"start":{"line":255,"column":6},"end":{"line":255,"column":21}},"103":{"start":{"line":256,"column":6},"end":{"line":256,"column":30}},"104":{"start":{"line":257,"column":6},"end":{"line":261,"column":7}},"105":{"start":{"line":258,"column":8},"end":{"line":258,"column":44}},"106":{"start":{"line":260,"column":8},"end":{"line":260,"column":27}},"107":{"start":{"line":262,"column":6},"end":{"line":264,"column":7}},"108":{"start":{"line":263,"column":8},"end":{"line":263,"column":54}},"109":{"start":{"line":266,"column":6},"end":{"line":266,"column":43}},"110":{"start":{"line":267,"column":6},"end":{"line":273,"column":7}},"111":{"start":{"line":268,"column":8},"end":{"line":268,"column":28}},"112":{"start":{"line":270,"column":8},"end":{"line":272,"column":9}},"113":{"start":{"line":271,"column":10},"end":{"line":271,"column":38}},"114":{"start":{"line":285,"column":6},"end":{"line":285,"column":26}},"115":{"start":{"line":286,"column":6},"end":{"line":288,"column":7}},"116":{"start":{"line":287,"column":8},"end":{"line":287,"column":28}},"117":{"start":{"line":300,"column":6},"end":{"line":300,"column":28}},"118":{"start":{"line":310,"column":6},"end":{"line":310,"column":27}},"119":{"start":{"line":320,"column":6},"end":{"line":324,"column":7}},"120":{"start":{"line":321,"column":8},"end":{"line":321,"column":32}},"121":{"start":{"line":323,"column":8},"end":{"line":323,"column":26}},"122":{"start":{"line":335,"column":6},"end":{"line":335,"column":21}},"123":{"start":{"line":336,"column":6},"end":{"line":336,"column":34}},"124":{"start":{"line":357,"column":6},"end":{"line":357,"column":13}},"125":{"start":{"line":359,"column":6},"end":{"line":359,"column":21}},"126":{"start":{"line":361,"column":6},"end":{"line":377,"column":7}},"127":{"start":{"line":362,"column":8},"end":{"line":376,"column":9}},"128":{"start":{"line":363,"column":10},"end":{"line":363,"column":58}},"129":{"start":{"line":364,"column":10},"end":{"line":375,"column":11}},"130":{"start":{"line":366,"column":12},"end":{"line":366,"column":65}},"131":{"start":{"line":367,"column":17},"end":{"line":375,"column":11}},"132":{"start":{"line":369,"column":12},"end":{"line":369,"column":84}},"133":{"start":{"line":371,"column":12},"end":{"line":373,"column":13}},"134":{"start":{"line":372,"column":14},"end":{"line":372,"column":82}},"135":{"start":{"line":374,"column":12},"end":{"line":374,"column":21}},"136":{"start":{"line":403,"column":6},"end":{"line":406,"column":7}},"137":{"start":{"line":404,"column":8},"end":{"line":404,"column":26}},"138":{"start":{"line":405,"column":8},"end":{"line":405,"column":15}},"139":{"start":{"line":407,"column":6},"end":{"line":407,"column":97}},"140":{"start":{"line":408,"column":6},"end":{"line":415,"column":9}},"141":{"start":{"line":409,"column":8},"end":{"line":413,"column":9}},"142":{"start":{"line":410,"column":10},"end":{"line":412,"column":11}},"143":{"start":{"line":411,"column":12},"end":{"line":411,"column":25}},"144":{"start":{"line":414,"column":8},"end":{"line":414,"column":20}},"145":{"start":{"line":458,"column":6},"end":{"line":460,"column":7}},"146":{"start":{"line":459,"column":8},"end":{"line":459,"column":15}},"147":{"start":{"line":461,"column":6},"end":{"line":461,"column":42}},"148":{"start":{"line":462,"column":6},"end":{"line":464,"column":7}},"149":{"start":{"line":463,"column":8},"end":{"line":463,"column":15}},"150":{"start":{"line":465,"column":6},"end":{"line":465,"column":69}},"151":{"start":{"line":476,"column":6},"end":{"line":476,"column":44}}},"branchMap":{"1":{"line":24,"type":"binary-expr","locations":[{"start":{"line":24,"column":26},"end":{"line":24,"column":48}},{"start":{"line":25,"column":26},"end":{"line":25,"column":54}},{"start":{"line":26,"column":26},"end":{"line":26,"column":51}},{"start":{"line":27,"column":26},"end":{"line":27,"column":50}},{"start":{"line":28,"column":26},"end":{"line":28,"column":49}}]},"2":{"line":32,"type":"if","locations":[{"start":{"line":32,"column":2},"end":{"line":32,"column":2}},{"start":{"line":32,"column":2},"end":{"line":32,"column":2}}]},"3":{"line":57,"type":"cond-expr","locations":[{"start":{"line":57,"column":38},"end":{"line":57,"column":43}},{"start":{"line":57,"column":46},"end":{"line":57,"column":57}}]},"4":{"line":77,"type":"if","locations":[{"start":{"line":77,"column":4},"end":{"line":77,"column":4}},{"start":{"line":77,"column":4},"end":{"line":77,"column":4}}]},"5":{"line":84,"type":"if","locations":[{"start":{"line":84,"column":4},"end":{"line":84,"column":4}},{"start":{"line":84,"column":4},"end":{"line":84,"column":4}}]},"6":{"line":115,"type":"if","locations":[{"start":{"line":115,"column":6},"end":{"line":115,"column":6}},{"start":{"line":115,"column":6},"end":{"line":115,"column":6}}]},"7":{"line":122,"type":"if","locations":[{"start":{"line":122,"column":6},"end":{"line":122,"column":6}},{"start":{"line":122,"column":6},"end":{"line":122,"column":6}}]},"8":{"line":122,"type":"binary-expr","locations":[{"start":{"line":122,"column":10},"end":{"line":122,"column":21}},{"start":{"line":122,"column":25},"end":{"line":122,"column":42}}]},"9":{"line":146,"type":"switch","locations":[{"start":{"line":147,"column":8},"end":{"line":149,"column":16}},{"start":{"line":150,"column":8},"end":{"line":150,"column":27}},{"start":{"line":151,"column":8},"end":{"line":160,"column":16}}]},"10":{"line":155,"type":"if","locations":[{"start":{"line":155,"column":10},"end":{"line":155,"column":10}},{"start":{"line":155,"column":10},"end":{"line":155,"column":10}}]},"11":{"line":168,"type":"if","locations":[{"start":{"line":168,"column":8},"end":{"line":168,"column":8}},{"start":{"line":168,"column":8},"end":{"line":168,"column":8}}]},"12":{"line":171,"type":"if","locations":[{"start":{"line":171,"column":10},"end":{"line":171,"column":10}},{"start":{"line":171,"column":10},"end":{"line":171,"column":10}}]},"13":{"line":180,"type":"if","locations":[{"start":{"line":180,"column":8},"end":{"line":180,"column":8}},{"start":{"line":180,"column":8},"end":{"line":180,"column":8}}]},"14":{"line":181,"type":"if","locations":[{"start":{"line":181,"column":10},"end":{"line":181,"column":10}},{"start":{"line":181,"column":10},"end":{"line":181,"column":10}}]},"15":{"line":200,"type":"if","locations":[{"start":{"line":200,"column":10},"end":{"line":200,"column":10}},{"start":{"line":200,"column":10},"end":{"line":200,"column":10}}]},"16":{"line":207,"type":"if","locations":[{"start":{"line":207,"column":12},"end":{"line":207,"column":12}},{"start":{"line":207,"column":12},"end":{"line":207,"column":12}}]},"17":{"line":209,"type":"if","locations":[{"start":{"line":209,"column":14},"end":{"line":209,"column":14}},{"start":{"line":209,"column":14},"end":{"line":209,"column":14}}]},"18":{"line":211,"type":"if","locations":[{"start":{"line":211,"column":16},"end":{"line":211,"column":16}},{"start":{"line":211,"column":16},"end":{"line":211,"column":16}}]},"19":{"line":227,"type":"if","locations":[{"start":{"line":227,"column":6},"end":{"line":227,"column":6}},{"start":{"line":227,"column":6},"end":{"line":227,"column":6}}]},"20":{"line":230,"type":"if","locations":[{"start":{"line":230,"column":6},"end":{"line":230,"column":6}},{"start":{"line":230,"column":6},"end":{"line":230,"column":6}}]},"21":{"line":256,"type":"binary-expr","locations":[{"start":{"line":256,"column":16},"end":{"line":256,"column":23}},{"start":{"line":256,"column":27},"end":{"line":256,"column":29}}]},"22":{"line":257,"type":"if","locations":[{"start":{"line":257,"column":6},"end":{"line":257,"column":6}},{"start":{"line":257,"column":6},"end":{"line":257,"column":6}}]},"23":{"line":262,"type":"if","locations":[{"start":{"line":262,"column":6},"end":{"line":262,"column":6}},{"start":{"line":262,"column":6},"end":{"line":262,"column":6}}]},"24":{"line":270,"type":"if","locations":[{"start":{"line":270,"column":8},"end":{"line":270,"column":8}},{"start":{"line":270,"column":8},"end":{"line":270,"column":8}}]},"25":{"line":286,"type":"if","locations":[{"start":{"line":286,"column":6},"end":{"line":286,"column":6}},{"start":{"line":286,"column":6},"end":{"line":286,"column":6}}]},"26":{"line":320,"type":"if","locations":[{"start":{"line":320,"column":6},"end":{"line":320,"column":6}},{"start":{"line":320,"column":6},"end":{"line":320,"column":6}}]},"27":{"line":362,"type":"if","locations":[{"start":{"line":362,"column":8},"end":{"line":362,"column":8}},{"start":{"line":362,"column":8},"end":{"line":362,"column":8}}]},"28":{"line":363,"type":"binary-expr","locations":[{"start":{"line":363,"column":15},"end":{"line":363,"column":37}},{"start":{"line":363,"column":41},"end":{"line":363,"column":57}}]},"29":{"line":364,"type":"if","locations":[{"start":{"line":364,"column":10},"end":{"line":364,"column":10}},{"start":{"line":364,"column":10},"end":{"line":364,"column":10}}]},"30":{"line":367,"type":"if","locations":[{"start":{"line":367,"column":17},"end":{"line":367,"column":17}},{"start":{"line":367,"column":17},"end":{"line":367,"column":17}}]},"31":{"line":367,"type":"binary-expr","locations":[{"start":{"line":367,"column":21},"end":{"line":367,"column":43}},{"start":{"line":367,"column":47},"end":{"line":367,"column":74}}]},"32":{"line":371,"type":"if","locations":[{"start":{"line":371,"column":12},"end":{"line":371,"column":12}},{"start":{"line":371,"column":12},"end":{"line":371,"column":12}}]},"33":{"line":403,"type":"if","locations":[{"start":{"line":403,"column":6},"end":{"line":403,"column":6}},{"start":{"line":403,"column":6},"end":{"line":403,"column":6}}]},"34":{"line":407,"type":"cond-expr","locations":[{"start":{"line":407,"column":59},"end":{"line":407,"column":75}},{"start":{"line":407,"column":78},"end":{"line":407,"column":96}}]},"35":{"line":410,"type":"if","locations":[{"start":{"line":410,"column":10},"end":{"line":410,"column":10}},{"start":{"line":410,"column":10},"end":{"line":410,"column":10}}]},"36":{"line":458,"type":"if","locations":[{"start":{"line":458,"column":6},"end":{"line":458,"column":6}},{"start":{"line":458,"column":6},"end":{"line":458,"column":6}}]},"37":{"line":461,"type":"binary-expr","locations":[{"start":{"line":461,"column":15},"end":{"line":461,"column":29}},{"start":{"line":461,"column":33},"end":{"line":461,"column":41}}]},"38":{"line":462,"type":"if","locations":[{"start":{"line":462,"column":6},"end":{"line":462,"column":6}},{"start":{"line":462,"column":6},"end":{"line":462,"column":6}}]},"39":{"line":465,"type":"binary-expr","locations":[{"start":{"line":465,"column":51},"end":{"line":465,"column":58}},{"start":{"line":465,"column":62},"end":{"line":465,"column":66}}]},"40":{"line":476,"type":"binary-expr","locations":[{"start":{"line":476,"column":13},"end":{"line":476,"column":24}},{"start":{"line":476,"column":28},"end":{"line":476,"column":43}}]}}}}